<?xml version="1.0" encoding="UTF-8"?>
<testng-results ignored="0" total="1" passed="1" failed="0" skipped="0">
  <reporter-output>
  </reporter-output>
  <suite started-at="2021-04-14T19:53:58 COT" name="Default suite" finished-at="2021-04-14T19:54:27 COT" duration-ms="28803">
    <groups>
    </groups>
    <test started-at="2021-04-14T19:53:58 COT" name="Default test" finished-at="2021-04-14T19:54:27 COT" duration-ms="28803">
      <class name="ejecucion.EjecucionPagina">
        <test-method is-config="true" signature="beforeClass()[pri:0, instance:ejecucion.EjecucionPagina@5906ebcb]" started-at="2021-04-14T19:53:58 COT" name="beforeClass" finished-at="2021-04-14T19:53:58 COT" duration-ms="11" status="PASS">
          <reporter-output>
          </reporter-output>
        </test-method> <!-- beforeClass -->
        <test-method signature="f()[pri:0, instance:ejecucion.EjecucionPagina@5906ebcb]" started-at="2021-04-14T19:53:58 COT" name="f" finished-at="2021-04-14T19:54:27 COT" duration-ms="28702" status="PASS">
          <reporter-output>
          </reporter-output>
        </test-method> <!-- f -->
        <test-method is-config="true" signature="afterClass()[pri:0, instance:ejecucion.EjecucionPagina@5906ebcb]" started-at="2021-04-14T19:54:27 COT" name="afterClass" finished-at="2021-04-14T19:54:27 COT" duration-ms="0" status="PASS">
          <reporter-output>
          </reporter-output>
        </test-method> <!-- afterClass -->
      </class> <!-- ejecucion.EjecucionPagina -->
    </test> <!-- Default test -->
  </suite> <!-- Default suite -->
</testng-results>
